#
# There is insufficient memory for the Java Runtime Environment to continue.
# Native memory allocation (mmap) failed to map 65536 bytes. Error detail: Failed to commit metaspace.
# Possible reasons:
#   The system is out of physical RAM or swap space
#   This process is running with CompressedOops enabled, and the Java Heap may be blocking the growth of the native heap
# Possible solutions:
#   Reduce memory load on the system
#   Increase physical memory or swap space
#   Check if swap backing store is full
#   Decrease Java heap size (-Xmx/-Xms)
#   Decrease number of Java threads
#   Decrease Java thread stack sizes (-Xss)
#   Set larger code cache with -XX:ReservedCodeCacheSize=
#   JVM is running with Zero Based Compressed Oops mode in which the Java heap is
#     placed in the first 32GB address space. The Java Heap base address is the
#     maximum limit for the native heap growth. Please use -XX:HeapBaseMinAddress
#     to set the Java Heap base and to place the Java Heap above 32GB virtual address.
# This output file may be truncated or incomplete.
#
#  Out of Memory Error (virtualSpaceNode.cpp:110), pid=49196, tid=48760
#
# JRE version: OpenJDK Runtime Environment JBR-17.0.12+1-1207.37-jcef (17.0.12+1) (build 17.0.12+1-b1207.37)
# Java VM: OpenJDK 64-Bit Server VM JBR-17.0.12+1-1207.37-jcef (17.0.12+1-b1207.37, mixed mode, tiered, compressed oops, compressed class ptrs, g1 gc, windows-amd64)
# No core dump will be written. Minidumps are not enabled by default on client versions of Windows
#

---------------  S U M M A R Y ------------

Command Line: git4idea.http.GitAskPassApp Password for 'https://Luo-0712@github.com': 

Host: Intel(R) Core(TM) i9-14900HX, 32 cores, 31G,  Windows 11 , 64 bit Build 26100 (10.0.26100.8328)
Time: Sun Jun  7 02:19:30 2026  Windows 11 , 64 bit Build 26100 (10.0.26100.8328) elapsed time: 0.523198 seconds (0d 0h 0m 0s)

---------------  T H R E A D  ---------------

Current thread (0x000001cfcabb1860):  JavaThread "HttpClient-1-Worker-0" daemon [_thread_in_vm, id=48760, stack(0x0000008cd1e00000,0x0000008cd1f00000)]

Stack: [0x0000008cd1e00000,0x0000008cd1f00000]
Native frames: (J=compiled Java code, j=interpreted, Vv=VM code, C=native code)
V  [jvm.dll+0x689d89]
V  [jvm.dll+0x84386a]
V  [jvm.dll+0x8454ee]
V  [jvm.dll+0x845b53]
V  [jvm.dll+0x24a56f]
V  [jvm.dll+0x83e6ed]
V  [jvm.dll+0x62de6e]
V  [jvm.dll+0x1c2e5b]
V  [jvm.dll+0x6307bd]
V  [jvm.dll+0x62e816]
V  [jvm.dll+0x372a12]
V  [jvm.dll+0x1e4e0b]
V  [jvm.dll+0x54e475]
V  [jvm.dll+0x7bca54]
V  [jvm.dll+0x7bc9a4]
V  [jvm.dll+0x415a9e]
V  [jvm.dll+0x42927c]
C  [java.dll+0x1657]

Java frames: (J=compiled Java code, j=interpreted, Vv=VM code)
j  java.lang.ClassLoader.defineClass0(Ljava/lang/ClassLoader;Ljava/lang/Class;Ljava/lang/String;[BIILjava/security/ProtectionDomain;ZILjava/lang/Object;)Ljava/lang/Class;+0 java.base@17.0.12
j  java.lang.System$2.defineClass(Ljava/lang/ClassLoader;Ljava/lang/Class;Ljava/lang/String;[BLjava/security/ProtectionDomain;ZILjava/lang/Object;)Ljava/lang/Class;+17 java.base@17.0.12
j  java.lang.invoke.MethodHandles$Lookup$ClassDefiner.defineClass(ZLjava/lang/Object;)Ljava/lang/Class;+54 java.base@17.0.12
j  java.lang.invoke.MethodHandles$Lookup$ClassDefiner.defineClassAsLookup(Z)Ljava/lang/invoke/MethodHandles$Lookup;+3 java.base@17.0.12
j  java.lang.invoke.MethodHandles$Lookup.defineHiddenClass([BZ[Ljava/lang/invoke/MethodHandles$Lookup$ClassOption;)Ljava/lang/invoke/MethodHandles$Lookup;+65 java.base@17.0.12
j  java.lang.invoke.InnerClassLambdaMetafactory.generateInnerClass()Ljava/lang/Class;+580 java.base@17.0.12
j  java.lang.invoke.InnerClassLambdaMetafactory.spinInnerClass()Ljava/lang/Class;+114 java.base@17.0.12
j  java.lang.invoke.InnerClassLambdaMetafactory.buildCallSite()Ljava/lang/invoke/CallSite;+1 java.base@17.0.12
j  java.lang.invoke.LambdaMetafactory.metafactory(Ljava/lang/invoke/MethodHandles$Lookup;Ljava/lang/String;Ljava/lang/invoke/MethodType;Ljava/lang/invoke/MethodType;Ljava/lang/invoke/MethodHandle;Ljava/lang/invoke/MethodType;)Ljava/lang/invoke/CallSite;+67 java.base@17.0.12
j  java.lang.invoke.LambdaForm$DMH+0x000000080012c000.invokeStatic(Ljava/lang/Object;Ljava/lang/Object;Ljava/lang/Object;Ljava/lang/Object;Ljava/lang/Object;Ljava/lang/Object;Ljava/lang/Object;)Ljava/lang/Object;+27 java.base@17.0.12
j  java.lang.invoke.Invokers$Holder.invokeExact_MT(Ljava/lang/Object;Ljava/lang/Object;Ljava/lang/Object;Ljava/lang/Object;Ljava/lang/Object;Ljava/lang/Object;Ljava/lang/Object;Ljava/lang/Object;)Ljava/lang/Object;+28 java.base@17.0.12
j  java.lang.invoke.BootstrapMethodInvoker.invoke(Ljava/lang/Class;Ljava/lang/invoke/MethodHandle;Ljava/lang/String;Ljava/lang/Object;Ljava/lang/Object;Ljava/lang/Class;)Ljava/lang/Object;+319 java.base@17.0.12
j  java.lang.invoke.CallSite.makeSite(Ljava/lang/invoke/MethodHandle;Ljava/lang/String;Ljava/lang/invoke/MethodType;Ljava/lang/Object;Ljava/lang/Class;)Ljava/lang/invoke/CallSite;+8 java.base@17.0.12
j  java.lang.invoke.MethodHandleNatives.linkCallSiteImpl(Ljava/lang/Class;Ljava/lang/invoke/MethodHandle;Ljava/lang/String;Ljava/lang/invoke/MethodType;Ljava/lang/Object;[Ljava/lang/Object;)Ljava/lang/invoke/MemberName;+6 java.base@17.0.12
j  java.lang.invoke.MethodHandleNatives.linkCallSite(Ljava/lang/Object;ILjava/lang/Object;Ljava/lang/Object;Ljava/lang/Object;Ljava/lang/Object;[Ljava/lang/Object;)Ljava/lang/invoke/MemberName;+46 java.base@17.0.12
v  ~StubRoutines::call_stub
j  jdk.internal.net.http.Http1Exchange.sendBodyAsync()Ljava/util/concurrent/CompletableFuture;+153 java.net.http@17.0.12
j  jdk.internal.net.http.Exchange.sendRequestBody(Ljdk/internal/net/http/ExchangeImpl;)Ljava/util/concurrent/CompletableFuture;+49 java.net.http@17.0.12
j  jdk.internal.net.http.Exchange$$Lambda$81+0x0000000800111d78.apply(Ljava/lang/Object;)Ljava/lang/Object;+8 java.net.http@17.0.12
j  jdk.internal.net.http.Exchange.checkFor407(Ljdk/internal/net/http/ExchangeImpl;Ljava/lang/Throwable;Ljava/util/function/Function;)Ljava/util/concurrent/CompletableFuture;+172 java.net.http@17.0.12
j  jdk.internal.net.http.Exchange.lambda$responseAsyncImpl0$8(Ljava/util/function/Function;Ljdk/internal/net/http/ExchangeImpl;Ljava/lang/Throwable;)Ljava/util/concurrent/CompletableFuture;+4 java.net.http@17.0.12
j  jdk.internal.net.http.Exchange$$Lambda$178+0x00000008001cf970.apply(Ljava/lang/Object;Ljava/lang/Object;)Ljava/lang/Object;+16 java.net.http@17.0.12
j  java.util.concurrent.CompletableFuture.uniHandle(Ljava/lang/Object;Ljava/util/function/BiFunction;Ljava/util/concurrent/CompletableFuture$UniHandle;)Z+58 java.base@17.0.12
j  java.util.concurrent.CompletableFuture.uniHandleStage(Ljava/util/concurrent/Executor;Ljava/util/function/BiFunction;)Ljava/util/concurrent/CompletableFuture;+54 java.base@17.0.12
j  java.util.concurrent.CompletableFuture.handle(Ljava/util/function/BiFunction;)Ljava/util/concurrent/CompletableFuture;+3 java.base@17.0.12
j  jdk.internal.net.http.Exchange.lambda$responseAsyncImpl0$9(Ljava/util/function/Function;Ljdk/internal/net/http/ExchangeImpl;)Ljava/util/concurrent/CompletableFuture;+11 java.net.http@17.0.12
j  jdk.internal.net.http.Exchange$$Lambda$82+0x0000000800111fe0.apply(Ljava/lang/Object;)Ljava/lang/Object;+12 java.net.http@17.0.12
j  jdk.internal.net.http.Exchange.checkFor407(Ljdk/internal/net/http/ExchangeImpl;Ljava/lang/Throwable;Ljava/util/function/Function;)Ljava/util/concurrent/CompletableFuture;+172 java.net.http@17.0.12
j  jdk.internal.net.http.Exchange.lambda$responseAsyncImpl0$10(Ljava/util/function/Function;Ljdk/internal/net/http/ExchangeImpl;Ljava/lang/Throwable;)Ljava/util/concurrent/CompletableFuture;+4 java.net.http@17.0.12
j  jdk.internal.net.http.Exchange$$Lambda$117+0x0000000800122a78.apply(Ljava/lang/Object;Ljava/lang/Object;)Ljava/lang/Object;+16 java.net.http@17.0.12
j  java.util.concurrent.CompletableFuture.uniHandle(Ljava/lang/Object;Ljava/util/function/BiFunction;Ljava/util/concurrent/CompletableFuture$UniHandle;)Z+58 java.base@17.0.12
j  java.util.concurrent.CompletableFuture$UniHandle.tryFire(I)Ljava/util/concurrent/CompletableFuture;+52 java.base@17.0.12
j  java.util.concurrent.CompletableFuture.postComplete()V+76 java.base@17.0.12
j  java.util.concurrent.CompletableFuture.complete(Ljava/lang/Object;)Z+7 java.base@17.0.12
j  jdk.internal.net.http.common.SSLFlowDelegate.setALPN()V+55 java.net.http@17.0.12
j  jdk.internal.net.http.common.SSLFlowDelegate.trySetALPN()Z+48 java.net.http@17.0.12
j  jdk.internal.net.http.common.SSLFlowDelegate$Writer.processData()V+258 java.net.http@17.0.12
j  jdk.internal.net.http.common.SSLFlowDelegate$Writer$WriterDownstreamPusher.run()V+4 java.net.http@17.0.12
j  jdk.internal.net.http.common.SequentialScheduler$CompleteRestartableTask.run(Ljdk/internal/net/http/common/SequentialScheduler$DeferredCompleter;)V+1 java.net.http@17.0.12
j  jdk.internal.net.http.common.SequentialScheduler$SchedulableTask.run()V+14 java.net.http@17.0.12
j  jdk.internal.net.http.common.SequentialScheduler.runOrSchedule(Ljdk/internal/net/http/common/SequentialScheduler$SchedulableTask;Ljava/util/concurrent/Executor;)V+86 java.net.http@17.0.12
j  jdk.internal.net.http.common.SequentialScheduler.runOrSchedule()V+6 java.net.http@17.0.12
j  jdk.internal.net.http.common.SSLFlowDelegate$Writer.schedule()V+4 java.net.http@17.0.12
j  jdk.internal.net.http.common.SSLFlowDelegate.resumeActivity()V+11 java.net.http@17.0.12
j  jdk.internal.net.http.common.SSLFlowDelegate.lambda$executeTasks$3(Ljava/util/List;)V+171 java.net.http@17.0.12
j  jdk.internal.net.http.common.SSLFlowDelegate$$Lambda$146+0x00000008001c1f68.run()V+8 java.net.http@17.0.12
j  jdk.internal.net.http.HttpClientImpl$DelegatingExecutor.execute(Ljava/lang/Runnable;)V+26 java.net.http@17.0.12
j  jdk.internal.net.http.common.SSLFlowDelegate.executeTasks(Ljava/util/List;)V+11 java.net.http@17.0.12
j  jdk.internal.net.http.common.SSLFlowDelegate.doHandshake(Ljdk/internal/net/http/common/SSLFlowDelegate$EngineResult;I)Z+154 java.net.http@17.0.12
j  jdk.internal.net.http.common.SSLFlowDelegate$Reader.processData()V+572 java.net.http@17.0.12
j  jdk.internal.net.http.common.SSLFlowDelegate$Reader$ReaderDownstreamPusher.run()V+4 java.net.http@17.0.12
j  jdk.internal.net.http.common.SequentialScheduler$LockingRestartableTask.run()V+34 java.net.http@17.0.12
j  jdk.internal.net.http.common.SequentialScheduler$CompleteRestartableTask.run(Ljdk/internal/net/http/common/SequentialScheduler$DeferredCompleter;)V+1 java.net.http@17.0.12
j  jdk.internal.net.http.common.SequentialScheduler$TryEndDeferredCompleter.complete()V+162 java.net.http@17.0.12
j  jdk.internal.net.http.common.SequentialScheduler$CompleteRestartableTask.run(Ljdk/internal/net/http/common/SequentialScheduler$DeferredCompleter;)V+5 java.net.http@17.0.12
j  jdk.internal.net.http.common.SequentialScheduler$SchedulableTask.run()V+14 java.net.http@17.0.12
j  java.util.concurrent.ThreadPoolExecutor.runWorker(Ljava/util/concurrent/ThreadPoolExecutor$Worker;)V+92 java.base@17.0.12
j  java.util.concurrent.ThreadPoolExecutor$Worker.run()V+5 java.base@17.0.12
j  java.lang.Thread.run()V+11 java.base@17.0.12
v  ~StubRoutines::call_stub

---------------  P R O C E S S  ---------------

Threads class SMR info:
_java_thread_list=0x000001cfca998910, length=17, elements={
0x000001cf9fea8480, 0x000001cfc6a0e810, 0x000001cfca3b2430, 0x000001cfca411950,
0x000001cfca3e5a30, 0x000001cfca3e6300, 0x000001cfca3e8cd0, 0x000001cfca3e9fd0,
0x000001cfca3ea9d0, 0x000001cfca3eb3d0, 0x000001cfca454d60, 0x000001cfca5e7d30,
0x000001cfca5efd30, 0x000001cfcab350b0, 0x000001cfcabb1860, 0x000001cfcabe0160,
0x000001cfcaacd300
}

Java Threads: ( => current thread )
  0x000001cf9fea8480 JavaThread "main" [_thread_blocked, id=30232, stack(0x0000008cd0800000,0x0000008cd0900000)]
  0x000001cfc6a0e810 JavaThread "Reference Handler" daemon [_thread_blocked, id=48124, stack(0x0000008cd0f00000,0x0000008cd1000000)]
  0x000001cfca3b2430 JavaThread "Finalizer" daemon [_thread_blocked, id=47832, stack(0x0000008cd1000000,0x0000008cd1100000)]
  0x000001cfca411950 JavaThread "Signal Dispatcher" daemon [_thread_blocked, id=43348, stack(0x0000008cd1100000,0x0000008cd1200000)]
  0x000001cfca3e5a30 JavaThread "Attach Listener" daemon [_thread_blocked, id=33892, stack(0x0000008cd1200000,0x0000008cd1300000)]
  0x000001cfca3e6300 JavaThread "Service Thread" daemon [_thread_blocked, id=31244, stack(0x0000008cd1300000,0x0000008cd1400000)]
  0x000001cfca3e8cd0 JavaThread "Monitor Deflation Thread" daemon [_thread_blocked, id=50796, stack(0x0000008cd1400000,0x0000008cd1500000)]
  0x000001cfca3e9fd0 JavaThread "C2 CompilerThread0" daemon [_thread_blocked, id=38176, stack(0x0000008cd1500000,0x0000008cd1600000)]
  0x000001cfca3ea9d0 JavaThread "C1 CompilerThread0" daemon [_thread_blocked, id=48040, stack(0x0000008cd1600000,0x0000008cd1700000)]
  0x000001cfca3eb3d0 JavaThread "Sweeper thread" daemon [_thread_blocked, id=18460, stack(0x0000008cd1700000,0x0000008cd1800000)]
  0x000001cfca454d60 JavaThread "C1 CompilerThread1" daemon [_thread_blocked, id=44404, stack(0x0000008cd1800000,0x0000008cd1900000)]
  0x000001cfca5e7d30 JavaThread "Notification Thread" daemon [_thread_blocked, id=38300, stack(0x0000008cd1900000,0x0000008cd1a00000)]
  0x000001cfca5efd30 JavaThread "Common-Cleaner" daemon [_thread_blocked, id=25084, stack(0x0000008cd1b00000,0x0000008cd1c00000)]
  0x000001cfcab350b0 JavaThread "HttpClient-1-SelectorManager" daemon [_thread_in_native, id=47332, stack(0x0000008cd1c00000,0x0000008cd1d00000)]
=>0x000001cfcabb1860 JavaThread "HttpClient-1-Worker-0" daemon [_thread_in_vm, id=48760, stack(0x0000008cd1e00000,0x0000008cd1f00000)]
  0x000001cfcabe0160 JavaThread "HttpClient-1-Worker-1" daemon [_thread_blocked, id=588, stack(0x0000008cd1f00000,0x0000008cd2000000)]
  0x000001cfcaacd300 JavaThread "C2 CompilerThread1" daemon [_thread_blocked, id=42376, stack(0x0000008cd2000000,0x0000008cd2100000)]

Other Threads:
  0x000001cfc6a0df80 VMThread "VM Thread" [stack: 0x0000008cd0e00000,0x0000008cd0f00000] [id=5008]
  0x000001cfca5e8210 WatcherThread [stack: 0x0000008cd1a00000,0x0000008cd1b00000] [id=44284]
  0x000001cf9ff5d850 GCTaskThread "GC Thread#0" [stack: 0x0000008cd0900000,0x0000008cd0a00000] [id=27840]
  0x000001cf9ff5e830 ConcurrentGCThread "G1 Main Marker" [stack: 0x0000008cd0a00000,0x0000008cd0b00000] [id=50960]
  0x000001cfc6820e90 ConcurrentGCThread "G1 Conc#0" [stack: 0x0000008cd0b00000,0x0000008cd0c00000] [id=32216]
  0x000001cfc696ace0 ConcurrentGCThread "G1 Refine#0" [stack: 0x0000008cd0c00000,0x0000008cd0d00000] [id=36948]
  0x000001cfc696c5c0 ConcurrentGCThread "G1 Service" [stack: 0x0000008cd0d00000,0x0000008cd0e00000] [id=36164]

Threads with active compile tasks:

VM state: not at safepoint (normal execution)

VM Mutex/Monitor currently owned by a thread:  ([mutex/lock_event])
[0x000001cf9dbeba20] Metaspace_lock - owner thread: 0x000001cfcabb1860

Heap address: 0x0000000604800000, size: 8120 MB, Compressed Oops mode: Zero based, Oop shift amount: 3

CDS archive(s) not mapped
Compressed class space mapped at: 0x0000000800000000-0x0000000840000000, reserved size: 1073741824
Narrow klass base: 0x0000000800000000, Narrow klass shift: 0, Narrow klass range: 0x40000000

GC Precious Log:
 CPUs: 32 total, 32 available
 Memory: 32471M
 Large Page Support: Disabled
 NUMA Support: Disabled
 Compressed Oops: Enabled (Zero based)
 Heap Region Size: 4M
 Heap Min Capacity: 8M
 Heap Initial Capacity: 508M
 Heap Max Capacity: 8120M
 Pre-touch: Disabled
 Parallel Workers: 23
 Concurrent Workers: 6
 Concurrent Refinement Workers: 23
 Periodic GC: Disabled

Heap:
 garbage-first heap   total 520192K, used 12288K [0x0000000604800000, 0x0000000800000000)
  region size 4096K, 4 young (16384K), 0 survivors (0K)
 Metaspace       used 16620K, committed 16768K, reserved 1114112K
  class space    used 1746K, committed 1792K, reserved 1048576K

Heap Regions: E=young(eden), S=young(survivor), O=old, HS=humongous(starts), HC=humongous(continues), CS=collection set, F=free, OA=open archive, CA=closed archive, TAMS=top-at-mark-start (previous, next)
|   0|0x0000000604800000, 0x0000000604800000, 0x0000000604c00000|  0%| F|  |TAMS 0x0000000604800000, 0x0000000604800000| Untracked 
|   1|0x0000000604c00000, 0x0000000604c00000, 0x0000000605000000|  0%| F|  |TAMS 0x0000000604c00000, 0x0000000604c00000| Untracked 
|   2|0x0000000605000000, 0x0000000605000000, 0x0000000605400000|  0%| F|  |TAMS 0x0000000605000000, 0x0000000605000000| Untracked 
|   3|0x0000000605400000, 0x0000000605400000, 0x0000000605800000|  0%| F|  |TAMS 0x0000000605400000, 0x0000000605400000| Untracked 
|   4|0x0000000605800000, 0x0000000605800000, 0x0000000605c00000|  0%| F|  |TAMS 0x0000000605800000, 0x0000000605800000| Untracked 
|   5|0x0000000605c00000, 0x0000000605c00000, 0x0000000606000000|  0%| F|  |TAMS 0x0000000605c00000, 0x0000000605c00000| Untracked 
|   6|0x0000000606000000, 0x0000000606000000, 0x0000000606400000|  0%| F|  |TAMS 0x0000000606000000, 0x0000000606000000| Untracked 
|   7|0x0000000606400000, 0x0000000606400000, 0x0000000606800000|  0%| F|  |TAMS 0x0000000606400000, 0x0000000606400000| Untracked 
|   8|0x0000000606800000, 0x0000000606800000, 0x0000000606c00000|  0%| F|  |TAMS 0x0000000606800000, 0x0000000606800000| Untracked 
|   9|0x0000000606c00000, 0x0000000606c00000, 0x0000000607000000|  0%| F|  |TAMS 0x0000000606c00000, 0x0000000606c00000| Untracked 
|  10|0x0000000607000000, 0x0000000607000000, 0x0000000607400000|  0%| F|  |TAMS 0x0000000607000000, 0x0000000607000000| Untracked 
|  11|0x0000000607400000, 0x0000000607400000, 0x0000000607800000|  0%| F|  |TAMS 0x0000000607400000, 0x0000000607400000| Untracked 
|  12|0x0000000607800000, 0x0000000607800000, 0x0000000607c00000|  0%| F|  |TAMS 0x0000000607800000, 0x0000000607800000| Untracked 
|  13|0x0000000607c00000, 0x0000000607c00000, 0x0000000608000000|  0%| F|  |TAMS 0x0000000607c00000, 0x0000000607c00000| Untracked 
|  14|0x0000000608000000, 0x0000000608000000, 0x0000000608400000|  0%| F|  |TAMS 0x0000000608000000, 0x0000000608000000| Untracked 
|  15|0x0000000608400000, 0x0000000608400000, 0x0000000608800000|  0%| F|  |TAMS 0x0000000608400000, 0x0000000608400000| Untracked 
|  16|0x0000000608800000, 0x0000000608800000, 0x0000000608c00000|  0%| F|  |TAMS 0x0000000608800000, 0x0000000608800000| Untracked 
|  17|0x0000000608c00000, 0x0000000608c00000, 0x0000000609000000|  0%| F|  |TAMS 0x0000000608c00000, 0x0000000608c00000| Untracked 
|  18|0x0000000609000000, 0x0000000609000000, 0x0000000609400000|  0%| F|  |TAMS 0x0000000609000000, 0x0000000609000000| Untracked 
|  19|0x0000000609400000, 0x0000000609400000, 0x0000000609800000|  0%| F|  |TAMS 0x0000000609400000, 0x0000000609400000| Untracked 
|  20|0x0000000609800000, 0x0000000609800000, 0x0000000609c00000|  0%| F|  |TAMS 0x0000000609800000, 0x0000000609800000| Untracked 
|  21|0x0000000609c00000, 0x0000000609c00000, 0x000000060a000000|  0%| F|  |TAMS 0x0000000609c00000, 0x0000000609c00000| Untracked 
|  22|0x000000060a000000, 0x000000060a000000, 0x000000060a400000|  0%| F|  |TAMS 0x000000060a000000, 0x000000060a000000| Untracked 
|  23|0x000000060a400000, 0x000000060a400000, 0x000000060a800000|  0%| F|  |TAMS 0x000000060a400000, 0x000000060a400000| Untracked 
|  24|0x000000060a800000, 0x000000060a800000, 0x000000060ac00000|  0%| F|  |TAMS 0x000000060a800000, 0x000000060a800000| Untracked 
|  25|0x000000060ac00000, 0x000000060ac00000, 0x000000060b000000|  0%| F|  |TAMS 0x000000060ac00000, 0x000000060ac00000| Untracked 
|  26|0x000000060b000000, 0x000000060b000000, 0x000000060b400000|  0%| F|  |TAMS 0x000000060b000000, 0x000000060b000000| Untracked 
|  27|0x000000060b400000, 0x000000060b400000, 0x000000060b800000|  0%| F|  |TAMS 0x000000060b400000, 0x000000060b400000| Untracked 
|  28|0x000000060b800000, 0x000000060b800000, 0x000000060bc00000|  0%| F|  |TAMS 0x000000060b800000, 0x000000060b800000| Untracked 
|  29|0x000000060bc00000, 0x000000060bc00000, 0x000000060c000000|  0%| F|  |TAMS 0x000000060bc00000, 0x000000060bc00000| Untracked 
|  30|0x000000060c000000, 0x000000060c000000, 0x000000060c400000|  0%| F|  |TAMS 0x000000060c000000, 0x000000060c000000| Untracked 
|  31|0x000000060c400000, 0x000000060c400000, 0x000000060c800000|  0%| F|  |TAMS 0x000000060c400000, 0x000000060c400000| Untracked 
|  32|0x000000060c800000, 0x000000060c800000, 0x000000060cc00000|  0%| F|  |TAMS 0x000000060c800000, 0x000000060c800000| Untracked 
|  33|0x000000060cc00000, 0x000000060cc00000, 0x000000060d000000|  0%| F|  |TAMS 0x000000060cc00000, 0x000000060cc00000| Untracked 
|  34|0x000000060d000000, 0x000000060d000000, 0x000000060d400000|  0%| F|  |TAMS 0x000000060d000000, 0x000000060d000000| Untracked 
|  35|0x000000060d400000, 0x000000060d400000, 0x000000060d800000|  0%| F|  |TAMS 0x000000060d400000, 0x000000060d400000| Untracked 
|  36|0x000000060d800000, 0x000000060d800000, 0x000000060dc00000|  0%| F|  |TAMS 0x000000060d800000, 0x000000060d800000| Untracked 
|  37|0x000000060dc00000, 0x000000060dc00000, 0x000000060e000000|  0%| F|  |TAMS 0x000000060dc00000, 0x000000060dc00000| Untracked 
|  38|0x000000060e000000, 0x000000060e000000, 0x000000060e400000|  0%| F|  |TAMS 0x000000060e000000, 0x000000060e000000| Untracked 
|  39|0x000000060e400000, 0x000000060e400000, 0x000000060e800000|  0%| F|  |TAMS 0x000000060e400000, 0x000000060e400000| Untracked 
|  40|0x000000060e800000, 0x000000060e800000, 0x000000060ec00000|  0%| F|  |TAMS 0x000000060e800000, 0x000000060e800000| Untracked 
|  41|0x000000060ec00000, 0x000000060ec00000, 0x000000060f000000|  0%| F|  |TAMS 0x000000060ec00000, 0x000000060ec00000| Untracked 
|  42|0x000000060f000000, 0x000000060f000000, 0x000000060f400000|  0%| F|  |TAMS 0x000000060f000000, 0x000000060f000000| Untracked 
|  43|0x000000060f400000, 0x000000060f400000, 0x000000060f800000|  0%| F|  |TAMS 0x000000060f400000, 0x000000060f400000| Untracked 
|  44|0x000000060f800000, 0x000000060f800000, 0x000000060fc00000|  0%| F|  |TAMS 0x000000060f800000, 0x000000060f800000| Untracked 
|  45|0x000000060fc00000, 0x000000060fc00000, 0x0000000610000000|  0%| F|  |TAMS 0x000000060fc00000, 0x000000060fc00000| Untracked 
|  46|0x0000000610000000, 0x0000000610000000, 0x0000000610400000|  0%| F|  |TAMS 0x0000000610000000, 0x0000000610000000| Untracked 
|  47|0x0000000610400000, 0x0000000610400000, 0x0000000610800000|  0%| F|  |TAMS 0x0000000610400000, 0x0000000610400000| Untracked 
|  48|0x0000000610800000, 0x0000000610800000, 0x0000000610c00000|  0%| F|  |TAMS 0x0000000610800000, 0x0000000610800000| Untracked 
|  49|0x0000000610c00000, 0x0000000610c00000, 0x0000000611000000|  0%| F|  |TAMS 0x0000000610c00000, 0x0000000610c00000| Untracked 
|  50|0x0000000611000000, 0x0000000611000000, 0x0000000611400000|  0%| F|  |TAMS 0x0000000611000000, 0x0000000611000000| Untracked 
|  51|0x0000000611400000, 0x0000000611400000, 0x0000000611800000|  0%| F|  |TAMS 0x0000000611400000, 0x0000000611400000| Untracked 
|  52|0x0000000611800000, 0x0000000611800000, 0x0000000611c00000|  0%| F|  |TAMS 0x0000000611800000, 0x0000000611800000| Untracked 
|  53|0x0000000611c00000, 0x0000000611c00000, 0x0000000612000000|  0%| F|  |TAMS 0x0000000611c00000, 0x0000000611c00000| Untracked 
|  54|0x0000000612000000, 0x0000000612000000, 0x0000000612400000|  0%| F|  |TAMS 0x0000000612000000, 0x0000000612000000| Untracked 
|  55|0x0000000612400000, 0x0000000612400000, 0x0000000612800000|  0%| F|  |TAMS 0x0000000612400000, 0x0000000612400000| Untracked 
|  56|0x0000000612800000, 0x0000000612800000, 0x0000000612c00000|  0%| F|  |TAMS 0x0000000612800000, 0x0000000612800000| Untracked 
|  57|0x0000000612c00000, 0x0000000612c00000, 0x0000000613000000|  0%| F|  |TAMS 0x0000000612c00000, 0x0000000612c00000| Untracked 
|  58|0x0000000613000000, 0x0000000613000000, 0x0000000613400000|  0%| F|  |TAMS 0x0000000613000000, 0x0000000613000000| Untracked 
|  59|0x0000000613400000, 0x0000000613400000, 0x0000000613800000|  0%| F|  |TAMS 0x0000000613400000, 0x0000000613400000| Untracked 
|  60|0x0000000613800000, 0x0000000613800000, 0x0000000613c00000|  0%| F|  |TAMS 0x0000000613800000, 0x0000000613800000| Untracked 
|  61|0x0000000613c00000, 0x0000000613c00000, 0x0000000614000000|  0%| F|  |TAMS 0x0000000613c00000, 0x0000000613c00000| Untracked 
|  62|0x0000000614000000, 0x0000000614000000, 0x0000000614400000|  0%| F|  |TAMS 0x0000000614000000, 0x0000000614000000| Untracked 
|  63|0x0000000614400000, 0x0000000614400000, 0x0000000614800000|  0%| F|  |TAMS 0x0000000614400000, 0x0000000614400000| Untracked 
|  64|0x0000000614800000, 0x0000000614800000, 0x0000000614c00000|  0%| F|  |TAMS 0x0000000614800000, 0x0000000614800000| Untracked 
|  65|0x0000000614c00000, 0x0000000614c00000, 0x0000000615000000|  0%| F|  |TAMS 0x0000000614c00000, 0x0000000614c00000| Untracked 
|  66|0x0000000615000000, 0x0000000615000000, 0x0000000615400000|  0%| F|  |TAMS 0x0000000615000000, 0x0000000615000000| Untracked 
|  67|0x0000000615400000, 0x0000000615400000, 0x0000000615800000|  0%| F|  |TAMS 0x0000000615400000, 0x0000000615400000| Untracked 
|  68|0x0000000615800000, 0x0000000615800000, 0x0000000615c00000|  0%| F|  |TAMS 0x0000000615800000, 0x0000000615800000| Untracked 
|  69|0x0000000615c00000, 0x0000000615c00000, 0x0000000616000000|  0%| F|  |TAMS 0x0000000615c00000, 0x0000000615c00000| Untracked 
|  70|0x0000000616000000, 0x0000000616000000, 0x0000000616400000|  0%| F|  |TAMS 0x0000000616000000, 0x0000000616000000| Untracked 
|  71|0x0000000616400000, 0x0000000616400000, 0x0000000616800000|  0%| F|  |TAMS 0x0000000616400000, 0x0000000616400000| Untracked 
|  72|0x0000000616800000, 0x0000000616800000, 0x0000000616c00000|  0%| F|  |TAMS 0x0000000616800000, 0x0000000616800000| Untracked 
|  73|0x0000000616c00000, 0x0000000616c00000, 0x0000000617000000|  0%| F|  |TAMS 0x0000000616c00000, 0x0000000616c00000| Untracked 
|  74|0x0000000617000000, 0x0000000617000000, 0x0000000617400000|  0%| F|  |TAMS 0x0000000617000000, 0x0000000617000000| Untracked 
|  75|0x0000000617400000, 0x0000000617400000, 0x0000000617800000|  0%| F|  |TAMS 0x0000000617400000, 0x0000000617400000| Untracked 
|  76|0x0000000617800000, 0x0000000617800000, 0x0000000617c00000|  0%| F|  |TAMS 0x0000000617800000, 0x0000000617800000| Untracked 
|  77|0x0000000617c00000, 0x0000000617c00000, 0x0000000618000000|  0%| F|  |TAMS 0x0000000617c00000, 0x0000000617c00000| Untracked 
|  78|0x0000000618000000, 0x0000000618000000, 0x0000000618400000|  0%| F|  |TAMS 0x0000000618000000, 0x0000000618000000| Untracked 
|  79|0x0000000618400000, 0x0000000618400000, 0x0000000618800000|  0%| F|  |TAMS 0x0000000618400000, 0x0000000618400000| Untracked 
|  80|0x0000000618800000, 0x0000000618800000, 0x0000000618c00000|  0%| F|  |TAMS 0x0000000618800000, 0x0000000618800000| Untracked 
|  81|0x0000000618c00000, 0x0000000618c00000, 0x0000000619000000|  0%| F|  |TAMS 0x0000000618c00000, 0x0000000618c00000| Untracked 
|  82|0x0000000619000000, 0x0000000619000000, 0x0000000619400000|  0%| F|  |TAMS 0x0000000619000000, 0x0000000619000000| Untracked 
|  83|0x0000000619400000, 0x0000000619400000, 0x0000000619800000|  0%| F|  |TAMS 0x0000000619400000, 0x0000000619400000| Untracked 
|  84|0x0000000619800000, 0x0000000619800000, 0x0000000619c00000|  0%| F|  |TAMS 0x0000000619800000, 0x0000000619800000| Untracked 
|  85|0x0000000619c00000, 0x0000000619c00000, 0x000000061a000000|  0%| F|  |TAMS 0x0000000619c00000, 0x0000000619c00000| Untracked 
|  86|0x000000061a000000, 0x000000061a000000, 0x000000061a400000|  0%| F|  |TAMS 0x000000061a000000, 0x000000061a000000| Untracked 
|  87|0x000000061a400000, 0x000000061a400000, 0x000000061a800000|  0%| F|  |TAMS 0x000000061a400000, 0x000000061a400000| Untracked 
|  88|0x000000061a800000, 0x000000061a800000, 0x000000061ac00000|  0%| F|  |TAMS 0x000000061a800000, 0x000000061a800000| Untracked 
|  89|0x000000061ac00000, 0x000000061ac00000, 0x000000061b000000|  0%| F|  |TAMS 0x000000061ac00000, 0x000000061ac00000| Untracked 
|  90|0x000000061b000000, 0x000000061b000000, 0x000000061b400000|  0%| F|  |TAMS 0x000000061b000000, 0x000000061b000000| Untracked 
|  91|0x000000061b400000, 0x000000061b400000, 0x000000061b800000|  0%| F|  |TAMS 0x000000061b400000, 0x000000061b400000| Untracked 
|  92|0x000000061b800000, 0x000000061b800000, 0x000000061bc00000|  0%| F|  |TAMS 0x000000061b800000, 0x000000061b800000| Untracked 
|  93|0x000000061bc00000, 0x000000061bc00000, 0x000000061c000000|  0%| F|  |TAMS 0x000000061bc00000, 0x000000061bc00000| Untracked 
|  94|0x000000061c000000, 0x000000061c000000, 0x000000061c400000|  0%| F|  |TAMS 0x000000061c000000, 0x000000061c000000| Untracked 
|  95|0x000000061c400000, 0x000000061c400000, 0x000000061c800000|  0%| F|  |TAMS 0x000000061c400000, 0x000000061c400000| Untracked 
|  96|0x000000061c800000, 0x000000061c800000, 0x000000061cc00000|  0%| F|  |TAMS 0x000000061c800000, 0x000000061c800000| Untracked 
|  97|0x000000061cc00000, 0x000000061cc00000, 0x000000061d000000|  0%| F|  |TAMS 0x000000061cc00000, 0x000000061cc00000| Untracked 
|  98|0x000000061d000000, 0x000000061d000000, 0x000000061d400000|  0%| F|  |TAMS 0x000000061d000000, 0x000000061d000000| Untracked 
|  99|0x000000061d400000, 0x000000061d400000, 0x000000061d800000|  0%| F|  |TAMS 0x000000061d400000, 0x000000061d400000| Untracked 
| 100|0x000000061d800000, 0x000000061d800000, 0x000000061dc00000|  0%| F|  |TAMS 0x000000061d800000, 0x000000061d800000| Untracked 
| 101|0x000000061dc00000, 0x000000061dc00000, 0x000000061e000000|  0%| F|  |TAMS 0x000000061dc00000, 0x000000061dc00000| Untracked 
| 102|0x000000061e000000, 0x000000061e000000, 0x000000061e400000|  0%| F|  |TAMS 0x000000061e000000, 0x000000061e000000| Untracked 
| 103|0x000000061e400000, 0x000000061e400000, 0x000000061e800000|  0%| F|  |TAMS 0x000000061e400000, 0x000000061e400000| Untracked 
| 104|0x000000061e800000, 0x000000061e800000, 0x000000061ec00000|  0%| F|  |TAMS 0x000000061e800000, 0x000000061e800000| Untracked 
| 105|0x000000061ec00000, 0x000000061ec00000, 0x000000061f000000|  0%| F|  |TAMS 0x000000061ec00000, 0x000000061ec00000| Untracked 
| 106|0x000000061f000000, 0x000000061f000000, 0x000000061f400000|  0%| F|  |TAMS 0x000000061f000000, 0x000000061f000000| Untracked 
| 107|0x000000061f400000, 0x000000061f400000, 0x000000061f800000|  0%| F|  |TAMS 0x000000061f400000, 0x000000061f400000| Untracked 
| 108|0x000000061f800000, 0x000000061f800000, 0x000000061fc00000|  0%| F|  |TAMS 0x000000061f800000, 0x000000061f800000| Untracked 
| 109|0x000000061fc00000, 0x000000061fc00000, 0x0000000620000000|  0%| F|  |TAMS 0x000000061fc00000, 0x000000061fc00000| Untracked 
| 110|0x0000000620000000, 0x0000000620000000, 0x0000000620400000|  0%| F|  |TAMS 0x0000000620000000, 0x0000000620000000| Untracked 
| 111|0x0000000620400000, 0x0000000620400000, 0x0000000620800000|  0%| F|  |TAMS 0x0000000620400000, 0x0000000620400000| Untracked 
| 112|0x0000000620800000, 0x0000000620800000, 0x0000000620c00000|  0%| F|  |TAMS 0x0000000620800000, 0x0000000620800000| Untracked 
| 113|0x0000000620c00000, 0x0000000620c00000, 0x0000000621000000|  0%| F|  |TAMS 0x0000000620c00000, 0x0000000620c00000| Untracked 
| 114|0x0000000621000000, 0x0000000621000000, 0x0000000621400000|  0%| F|  |TAMS 0x0000000621000000, 0x0000000621000000| Untracked 
| 115|0x0000000621400000, 0x0000000621400000, 0x0000000621800000|  0%| F|  |TAMS 0x0000000621400000, 0x0000000621400000| Untracked 
| 116|0x0000000621800000, 0x0000000621800000, 0x0000000621c00000|  0%| F|  |TAMS 0x0000000621800000, 0x0000000621800000| Untracked 
| 117|0x0000000621c00000, 0x0000000621c00000, 0x0000000622000000|  0%| F|  |TAMS 0x0000000621c00000, 0x0000000621c00000| Untracked 
| 118|0x0000000622000000, 0x0000000622000000, 0x0000000622400000|  0%| F|  |TAMS 0x0000000622000000, 0x0000000622000000| Untracked 
| 119|0x0000000622400000, 0x0000000622400000, 0x0000000622800000|  0%| F|  |TAMS 0x0000000622400000, 0x0000000622400000| Untracked 
| 120|0x0000000622800000, 0x0000000622800000, 0x0000000622c00000|  0%| F|  |TAMS 0x0000000622800000, 0x0000000622800000| Untracked 
| 121|0x0000000622c00000, 0x0000000622c00000, 0x0000000623000000|  0%| F|  |TAMS 0x0000000622c00000, 0x0000000622c00000| Untracked 
| 122|0x0000000623000000, 0x0000000623000000, 0x0000000623400000|  0%| F|  |TAMS 0x0000000623000000, 0x0000000623000000| Untracked 
| 123|0x0000000623400000, 0x000000062376e298, 0x0000000623800000| 85%| E|  |TAMS 0x0000000623400000, 0x0000000623400000| Complete 
| 124|0x0000000623800000, 0x0000000623c00000, 0x0000000623c00000|100%| E|CS|TAMS 0x0000000623800000, 0x0000000623800000| Complete 
| 125|0x0000000623c00000, 0x0000000624000000, 0x0000000624000000|100%| E|CS|TAMS 0x0000000623c00000, 0x0000000623c00000| Complete 
| 126|0x0000000624000000, 0x0000000624400000, 0x0000000624400000|100%| E|CS|TAMS 0x0000000624000000, 0x0000000624000000| Complete 

Card table byte_map: [0x000001cfb4940000,0x000001cfb5920000] _byte_map_base: 0x000001cfb191c000

Marking Bits (Prev, Next): (CMBitMap*) 0x000001cf9ff5de70, (CMBitMap*) 0x000001cf9ff5deb0
 Prev Bits: [0x000001cfb6900000, 0x000001cfbe7e0000)
 Next Bits: [0x000001cfbe7e0000, 0x000001cfc66c0000)

Polling page: 0x000001cf9dd50000

Metaspace:

Usage:
  Non-class:     14.52 MB used.
      Class:      1.71 MB used.
       Both:     16.23 MB used.

Virtual space:
  Non-class space:       64.00 MB reserved,      14.62 MB ( 23%) committed,  1 nodes.
      Class space:        1.00 GB reserved,       1.75 MB ( <1%) committed,  1 nodes.
             Both:        1.06 GB reserved,      16.38 MB (  2%) committed. 

Chunk freelists:
   Non-Class:  781.00 KB
       Class:  14.17 MB
        Both:  14.93 MB

MaxMetaspaceSize: unlimited
CompressedClassSpaceSize: 1.00 GB
Initial GC threshold: 21.00 MB
Current GC threshold: 21.00 MB
CDS: off
MetaspaceReclaimPolicy: balanced
 - commit_granule_bytes: 65536.
 - commit_granule_words: 8192.
 - virtual_space_node_default_size: 8388608.
 - enlarge_chunks_in_place: 1.
 - new_chunks_are_fully_committed: 0.
 - uncommit_free_chunks: 1.
 - use_allocation_guard: 0.
 - handle_deallocations: 1.


Internal statistics:

num_allocs_failed_limit: 0.
num_arena_births: 146.
num_arena_deaths: 0.
num_vsnodes_births: 2.
num_vsnodes_deaths: 0.
num_space_committed: 262.
num_space_uncommitted: 0.
num_chunks_returned_to_freelist: 0.
num_chunks_taken_from_freelist: 300.
num_chunk_merges: 0.
num_chunk_splits: 178.
num_chunks_enlarged: 106.
num_inconsistent_stats: 0.

CodeHeap 'non-profiled nmethods': size=118848Kb used=321Kb max_used=321Kb free=118527Kb
 bounds [0x000001cfab220000, 0x000001cfab490000, 0x000001cfb2630000]
CodeHeap 'profiled nmethods': size=118848Kb used=1920Kb max_used=1920Kb free=116927Kb
 bounds [0x000001cfa3630000, 0x000001cfa38a0000, 0x000001cfaaa40000]
CodeHeap 'non-nmethods': size=8064Kb used=1756Kb max_used=1772Kb free=6307Kb
 bounds [0x000001cfaaa40000, 0x000001cfaacb0000, 0x000001cfab220000]
 total_blobs=1611 nmethods=1123 adapters=400
 compilation: enabled
              stopped_count=0, restarted_count=0
 full_count=0

Compilation events (20 events):
Event: 0.515 Thread 0x000001cfca3ea9d0 1112       3       jdk.internal.org.objectweb.asm.MethodWriter::visitAbstractType (8 bytes)
Event: 0.515 Thread 0x000001cfca3ea9d0 nmethod 1112 0x000001cfa3807010 code [0x000001cfa38071a0, 0x000001cfa38072d8]
Event: 0.515 Thread 0x000001cfca3ea9d0 1113       3       jdk.internal.misc.VM::isSystemDomainLoader (17 bytes)
Event: 0.515 Thread 0x000001cfca454d60 nmethod 1111 0x000001cfa3807390 code [0x000001cfa38075c0, 0x000001cfa3807c48]
Event: 0.515 Thread 0x000001cfca454d60 1116       3       java.util.Arrays::hashCode (56 bytes)
Event: 0.515 Thread 0x000001cfca454d60 nmethod 1116 0x000001cfa3807f10 code [0x000001cfa38080c0, 0x000001cfa3808428]
Event: 0.515 Thread 0x000001cfca454d60 1114       3       java.lang.invoke.MemberName::hashCode (43 bytes)
Event: 0.515 Thread 0x000001cfca3ea9d0 nmethod 1113 0x000001cfa3808590 code [0x000001cfa38087e0, 0x000001cfa38092d8]
Event: 0.515 Thread 0x000001cfca3ea9d0 1115       3       java.util.Objects::hash (5 bytes)
Event: 0.515 Thread 0x000001cfca454d60 nmethod 1114 0x000001cfa3809690 code [0x000001cfa38098e0, 0x000001cfa380a648]
Event: 0.515 Thread 0x000001cfca3ea9d0 nmethod 1115 0x000001cfa380a990 code [0x000001cfa380ab20, 0x000001cfa380ac28]
Event: 0.516 Thread 0x000001cfca3ea9d0 1118       3       java.util.TreeMap::setColor (10 bytes)
Event: 0.516 Thread 0x000001cfca3ea9d0 nmethod 1118 0x000001cfa380ad10 code [0x000001cfa380aea0, 0x000001cfa380afd8]
Event: 0.517 Thread 0x000001cfca454d60 1119       3       jdk.internal.misc.Unsafe::copyMemory (33 bytes)
Event: 0.517 Thread 0x000001cfca3ea9d0 1120       3       jdk.internal.misc.Unsafe::copyMemoryChecks (21 bytes)
Event: 0.517 Thread 0x000001cfca3ea9d0 nmethod 1120 0x000001cfa380b090 code [0x000001cfa380b340, 0x000001cfa380c0a8]
Event: 0.517 Thread 0x000001cfca454d60 nmethod 1119 0x000001cfa380c610 code [0x000001cfa380c8c0, 0x000001cfa380d618]
Event: 0.518 Thread 0x000001cfca3ea9d0 1122       3       java.lang.invoke.DirectMethodHandle::make (275 bytes)
Event: 0.518 Thread 0x000001cfca454d60 1123       3       java.lang.invoke.MemberName::isField (8 bytes)
Event: 0.518 Thread 0x000001cfca454d60 nmethod 1123 0x000001cfa380dc10 code [0x000001cfa380ddc0, 0x000001cfa380dff8]

GC Heap History (0 events):
No events

Dll operation events (1 events):
Event: 0.008 Loaded shared library C:\Program Files\JetBrains\IntelliJ IDEA 2024.1.2\jbr\bin\java.dll

Deoptimization events (20 events):
Event: 0.495 Thread 0x000001cfcabb1860 Uncommon trap: trap_request=0xffffffc6 fr.pc=0x000001cfab26761c relative=0x00000000000000dc
Event: 0.495 Thread 0x000001cfcabb1860 Uncommon trap: reason=bimorphic_or_optimized_type_check action=maybe_recompile pc=0x000001cfab26761c method=sun.security.util.math.intpoly.IntegerPolynomial$MutableElement.setProduct(Lsun/security/util/math/IntegerModuloP;)Lsun/security/util/math/intpoly/
Event: 0.495 Thread 0x000001cfcabb1860 DEOPT PACKING pc=0x000001cfab26761c sp=0x0000008cd1efe770
Event: 0.495 Thread 0x000001cfcabb1860 DEOPT UNPACKING pc=0x000001cfaaa969a3 sp=0x0000008cd1efe698 mode 2
Event: 0.495 Thread 0x000001cfcabb1860 Uncommon trap: trap_request=0xffffffc6 fr.pc=0x000001cfab26761c relative=0x00000000000000dc
Event: 0.495 Thread 0x000001cfcabb1860 Uncommon trap: reason=bimorphic_or_optimized_type_check action=maybe_recompile pc=0x000001cfab26761c method=sun.security.util.math.intpoly.IntegerPolynomial$MutableElement.setProduct(Lsun/security/util/math/IntegerModuloP;)Lsun/security/util/math/intpoly/
Event: 0.495 Thread 0x000001cfcabb1860 DEOPT PACKING pc=0x000001cfab26761c sp=0x0000008cd1efe770
Event: 0.495 Thread 0x000001cfcabb1860 DEOPT UNPACKING pc=0x000001cfaaa969a3 sp=0x0000008cd1efe698 mode 2
Event: 0.495 Thread 0x000001cfcabb1860 Uncommon trap: trap_request=0xffffffc6 fr.pc=0x000001cfab26761c relative=0x00000000000000dc
Event: 0.495 Thread 0x000001cfcabb1860 Uncommon trap: reason=bimorphic_or_optimized_type_check action=maybe_recompile pc=0x000001cfab26761c method=sun.security.util.math.intpoly.IntegerPolynomial$MutableElement.setProduct(Lsun/security/util/math/IntegerModuloP;)Lsun/security/util/math/intpoly/
Event: 0.495 Thread 0x000001cfcabb1860 DEOPT PACKING pc=0x000001cfab26761c sp=0x0000008cd1efe770
Event: 0.495 Thread 0x000001cfcabb1860 DEOPT UNPACKING pc=0x000001cfaaa969a3 sp=0x0000008cd1efe698 mode 2
Event: 0.495 Thread 0x000001cfcabb1860 Uncommon trap: trap_request=0xffffffc6 fr.pc=0x000001cfab26761c relative=0x00000000000000dc
Event: 0.495 Thread 0x000001cfcabb1860 Uncommon trap: reason=bimorphic_or_optimized_type_check action=maybe_recompile pc=0x000001cfab26761c method=sun.security.util.math.intpoly.IntegerPolynomial$MutableElement.setProduct(Lsun/security/util/math/IntegerModuloP;)Lsun/security/util/math/intpoly/
Event: 0.495 Thread 0x000001cfcabb1860 DEOPT PACKING pc=0x000001cfab26761c sp=0x0000008cd1efe770
Event: 0.495 Thread 0x000001cfcabb1860 DEOPT UNPACKING pc=0x000001cfaaa969a3 sp=0x0000008cd1efe698 mode 2
Event: 0.495 Thread 0x000001cfcabb1860 Uncommon trap: trap_request=0xffffffc6 fr.pc=0x000001cfab26839c relative=0x00000000000000dc
Event: 0.495 Thread 0x000001cfcabb1860 Uncommon trap: reason=bimorphic_or_optimized_type_check action=maybe_recompile pc=0x000001cfab26839c method=sun.security.util.math.intpoly.IntegerPolynomial$MutableElement.setProduct(Lsun/security/util/math/IntegerModuloP;)Lsun/security/util/math/intpoly/
Event: 0.495 Thread 0x000001cfcabb1860 DEOPT PACKING pc=0x000001cfab26839c sp=0x0000008cd1efe710
Event: 0.495 Thread 0x000001cfcabb1860 DEOPT UNPACKING pc=0x000001cfaaa969a3 sp=0x0000008cd1efe6a0 mode 2

Classes loaded (20 events):
Event: 0.500 Loading class sun/security/ssl/SSLBasicKeyDerivation$SecretSizeSpec
Event: 0.500 Loading class sun/security/ssl/SSLBasicKeyDerivation$SecretSizeSpec done
Event: 0.501 Loading class jdk/internal/event/TLSHandshakeEvent
Event: 0.501 Loading class jdk/internal/event/TLSHandshakeEvent done
Event: 0.502 Loading class com/sun/crypto/provider/GaloisCounterMode$GCMEncrypt
Event: 0.502 Loading class com/sun/crypto/provider/GaloisCounterMode$GCMEncrypt done
Event: 0.502 Loading class com/sun/crypto/provider/GaloisCounterMode$GCTRGHASH
Event: 0.502 Loading class com/sun/crypto/provider/GaloisCounterMode$GCTRGHASH done
Event: 0.502 Loading class sun/security/ssl/CipherSuite$1
Event: 0.502 Loading class sun/security/ssl/CipherSuite$1 done
Event: 0.503 Loading class java/util/concurrent/CompletionException
Event: 0.503 Loading class java/util/concurrent/CompletionException done
Event: 0.511 Loading class java/net/ProtocolException
Event: 0.511 Loading class java/net/ProtocolException done
Event: 0.516 Loading class java/util/Collections$UnmodifiableMap$UnmodifiableEntrySet
Event: 0.516 Loading class java/util/Collections$UnmodifiableMap$UnmodifiableEntrySet done
Event: 0.516 Loading class java/util/Collections$UnmodifiableMap$UnmodifiableEntrySet$1
Event: 0.516 Loading class java/util/Collections$UnmodifiableMap$UnmodifiableEntrySet$1 done
Event: 0.516 Loading class java/util/Collections$UnmodifiableMap$UnmodifiableEntrySet$UnmodifiableEntry
Event: 0.516 Loading class java/util/Collections$UnmodifiableMap$UnmodifiableEntrySet$UnmodifiableEntry done

Classes unloaded (0 events):
No events

Classes redefined (0 events):
No events

Internal exceptions (20 events):
Event: 0.215 Thread 0x000001cf9fea8480 Exception <a 'java/lang/NoSuchMethodError'{0x0000000623d58840}: 'java.lang.Object java.lang.invoke.DirectMethodHandle$Holder.invokeStaticInit(java.lang.Object, int, int, int, int)'> (0x0000000623d58840) 
thrown [s\src\hotspot\share\interpreter\linkResolver.cpp, line 771]
Event: 0.310 Thread 0x000001cf9fea8480 Exception <a 'java/lang/NoSuchMethodError'{0x0000000623da2a28}: 'java.lang.Object java.lang.invoke.DirectMethodHandle$Holder.invokeStaticInit(java.lang.Object, java.lang.Object, int, int, int, int)'> (0x0000000623da2a28) 
thrown [s\src\hotspot\share\interpreter\linkResolver.cpp, line 771]
Event: 0.317 Thread 0x000001cf9fea8480 Exception <a 'java/lang/NoSuchMethodError'{0x0000000623ded880}: 'java.lang.Object java.lang.invoke.DirectMethodHandle$Holder.invokeStatic(java.lang.Object, java.lang.Object, int)'> (0x0000000623ded880) 
thrown [s\src\hotspot\share\interpreter\linkResolver.cpp, line 771]
Event: 0.317 Thread 0x000001cf9fea8480 Exception <a 'java/lang/NoSuchMethodError'{0x0000000623e0eae0}: 'java.lang.Object java.lang.invoke.DirectMethodHandle$Holder.invokeStaticInit(java.lang.Object, java.lang.Object, int)'> (0x0000000623e0eae0) 
thrown [s\src\hotspot\share\interpreter\linkResolver.cpp, line 771]
Event: 0.317 Thread 0x000001cf9fea8480 Exception <a 'java/lang/NoSuchMethodError'{0x0000000623e14e90}: 'java.lang.Object java.lang.invoke.DirectMethodHandle$Holder.newInvokeSpecial(java.lang.Object, java.lang.Object, int)'> (0x0000000623e14e90) 
thrown [s\src\hotspot\share\interpreter\linkResolver.cpp, line 771]
Event: 0.320 Thread 0x000001cf9fea8480 Exception <a 'java/lang/NoSuchMethodError'{0x0000000623e245d0}: 'int java.lang.invoke.DirectMethodHandle$Holder.invokeStaticInit(java.lang.Object, java.lang.Object, java.lang.Object)'> (0x0000000623e245d0) 
thrown [s\src\hotspot\share\interpreter\linkResolver.cpp, line 771]
Event: 0.322 Thread 0x000001cf9fea8480 Exception <a 'java/lang/NoSuchMethodError'{0x0000000623e34770}: 'int java.lang.invoke.DirectMethodHandle$Holder.invokeSpecial(java.lang.Object, java.lang.Object, java.lang.Object)'> (0x0000000623e34770) 
thrown [s\src\hotspot\share\interpreter\linkResolver.cpp, line 771]
Event: 0.323 Thread 0x000001cf9fea8480 Exception <a 'java/lang/NoSuchMethodError'{0x0000000623e3cb40}: 'int java.lang.invoke.DirectMethodHandle$Holder.invokeSpecialIFC(java.lang.Object, java.lang.Object, java.lang.Object)'> (0x0000000623e3cb40) 
thrown [s\src\hotspot\share\interpreter\linkResolver.cpp, line 771]
Event: 0.343 Thread 0x000001cf9fea8480 Exception <a 'java/lang/NoSuchMethodError'{0x0000000623ec8bd8}: 'java.lang.Object java.lang.invoke.DirectMethodHandle$Holder.invokeStaticInit(java.lang.Object)'> (0x0000000623ec8bd8) 
thrown [s\src\hotspot\share\interpreter\linkResolver.cpp, line 771]
Event: 0.390 Thread 0x000001cf9fea8480 Exception <a 'java/lang/NoSuchMethodError'{0x000000062388fda8}: 'java.lang.Object java.lang.invoke.DirectMethodHandle$Holder.newInvokeSpecial(java.lang.Object, java.lang.Object, java.lang.Object, java.lang.Object, java.lang.Object)'> (0x000000062388fda8) 
thrown [s\src\hotspot\share\interpreter\linkResolver.cpp, line 771]
Event: 0.413 Thread 0x000001cf9fea8480 Exception <a 'java/lang/NoSuchMethodError'{0x0000000623a1f658}: 'java.lang.Object java.lang.invoke.DirectMethodHandle$Holder.invokeSpecial(java.lang.Object, java.lang.Object, java.lang.Object, java.lang.Object, int)'> (0x0000000623a1f658) 
thrown [s\src\hotspot\share\interpreter\linkResolver.cpp, line 771]
Event: 0.413 Thread 0x000001cf9fea8480 Exception <a 'java/lang/NoSuchMethodError'{0x0000000623a23220}: 'java.lang.Object java.lang.invoke.Invokers$Holder.linkToTargetMethod(java.lang.Object, java.lang.Object, int, java.lang.Object)'> (0x0000000623a23220) 
thrown [s\src\hotspot\share\interpreter\linkResolver.cpp, line 771]
Event: 0.419 Thread 0x000001cf9fea8480 Exception <a 'java/lang/NoSuchMethodError'{0x0000000623a80130}: 'void java.lang.invoke.DirectMethodHandle$Holder.invokeSpecial(java.lang.Object, java.lang.Object, java.lang.Object)'> (0x0000000623a80130) 
thrown [s\src\hotspot\share\interpreter\linkResolver.cpp, line 771]
Event: 0.429 Thread 0x000001cf9fea8480 Exception <a 'java/lang/NoSuchMethodError'{0x0000000623b070e8}: 'void java.lang.invoke.DirectMethodHandle$Holder.invokeSpecial(java.lang.Object, java.lang.Object, java.lang.Object, java.lang.Object, java.lang.Object)'> (0x0000000623b070e8) 
thrown [s\src\hotspot\share\interpreter\linkResolver.cpp, line 771]
Event: 0.429 Thread 0x000001cfcab350b0 Exception <a 'java/lang/NoSuchMethodError'{0x000000062381f698}: 'void java.lang.invoke.DirectMethodHandle$Holder.invokeStatic(java.lang.Object, java.lang.Object, int)'> (0x000000062381f698) 
thrown [s\src\hotspot\share\interpreter\linkResolver.cpp, line 771]
Event: 0.434 Thread 0x000001cfcabb1860 Exception <a 'java/lang/NoSuchMethodError'{0x0000000623bb3800}: 'void java.lang.invoke.DirectMethodHandle$Holder.invokeInterface(java.lang.Object, java.lang.Object, java.lang.Object)'> (0x0000000623bb3800) 
thrown [s\src\hotspot\share\interpreter\linkResolver.cpp, line 771]
Event: 0.435 Thread 0x000001cfcabb1860 Exception <a 'java/lang/NoSuchMethodError'{0x0000000623bc9ce8}: 'int java.lang.invoke.DirectMethodHandle$Holder.invokeStaticInit(java.lang.Object, int, int)'> (0x0000000623bc9ce8) 
thrown [s\src\hotspot\share\interpreter\linkResolver.cpp, line 771]
Event: 0.438 Thread 0x000001cfcabb1860 Exception <a 'java/lang/NoSuchMethodError'{0x000000062340d830}: 'void java.lang.invoke.DirectMethodHandle$Holder.invokeVirtual(java.lang.Object, java.lang.Object)'> (0x000000062340d830) 
thrown [s\src\hotspot\share\interpreter\linkResolver.cpp, line 771]
Event: 0.475 Thread 0x000001cfcabb1860 Exception <a 'java/lang/NoSuchMethodError'{0x0000000623560b68}: 'void java.lang.invoke.DirectMethodHandle$Holder.invokeInterface(java.lang.Object, java.lang.Object)'> (0x0000000623560b68) 
thrown [s\src\hotspot\share\interpreter\linkResolver.cpp, line 771]
Event: 0.503 Thread 0x000001cfcabb1860 Exception <a 'java/lang/NoSuchMethodError'{0x00000006235e2ab0}: 'void java.lang.invoke.DirectMethodHandle$Holder.invokeStatic(java.lang.Object, java.lang.Object, java.lang.Object, java.lang.Object)'> (0x00000006235e2ab0) 
thrown [s\src\hotspot\share\interpreter\linkResolver.cpp, line 771]

VM Operations (8 events):
Event: 0.095 Executing VM operation: HandshakeAllThreads
Event: 0.095 Executing VM operation: HandshakeAllThreads done
Event: 0.106 Executing VM operation: HandshakeAllThreads
Event: 0.106 Executing VM operation: HandshakeAllThreads done
Event: 0.227 Executing VM operation: HandshakeAllThreads
Event: 0.227 Executing VM operation: HandshakeAllThreads done
Event: 0.345 Executing VM operation: HandshakeAllThreads
Event: 0.345 Executing VM operation: HandshakeAllThreads done

Events (20 events):
Event: 0.057 Thread 0x000001cfca411950 Thread added: 0x000001cfca411950
Event: 0.057 Thread 0x000001cfca3e5a30 Thread added: 0x000001cfca3e5a30
Event: 0.057 Thread 0x000001cfca3e6300 Thread added: 0x000001cfca3e6300
Event: 0.057 Thread 0x000001cfca3e8cd0 Thread added: 0x000001cfca3e8cd0
Event: 0.057 Thread 0x000001cfca3e9fd0 Thread added: 0x000001cfca3e9fd0
Event: 0.057 Thread 0x000001cfca3ea9d0 Thread added: 0x000001cfca3ea9d0
Event: 0.057 Thread 0x000001cfca3eb3d0 Thread added: 0x000001cfca3eb3d0
Event: 0.063 Thread 0x000001cfca454d60 Thread added: 0x000001cfca454d60
Event: 0.075 Thread 0x000001cfca5e7d30 Thread added: 0x000001cfca5e7d30
Event: 0.079 Thread 0x000001cfca5efd30 Thread added: 0x000001cfca5efd30
Event: 0.085 Loaded shared library C:\Program Files\JetBrains\IntelliJ IDEA 2024.1.2\jbr\bin\net.dll
Event: 0.087 Loaded shared library C:\Program Files\JetBrains\IntelliJ IDEA 2024.1.2\jbr\bin\nio.dll
Event: 0.092 Loaded shared library C:\Program Files\JetBrains\IntelliJ IDEA 2024.1.2\jbr\bin\zip.dll
Event: 0.120 Loaded shared library C:\Program Files\JetBrains\IntelliJ IDEA 2024.1.2\jbr\bin\jimage.dll
Event: 0.142 Loaded shared library C:\Program Files\JetBrains\IntelliJ IDEA 2024.1.2\jbr\bin\sunmscapi.dll
Event: 0.381 Loaded shared library C:\Program Files\JetBrains\IntelliJ IDEA 2024.1.2\jbr\bin\extnet.dll
Event: 0.386 Thread 0x000001cfcab350b0 Thread added: 0x000001cfcab350b0
Event: 0.432 Thread 0x000001cfcabb1860 Thread added: 0x000001cfcabb1860
Event: 0.443 Thread 0x000001cfcabe0160 Thread added: 0x000001cfcabe0160
Event: 0.468 Thread 0x000001cfcaacd300 Thread added: 0x000001cfcaacd300


Dynamic libraries:
0x00007ff6f2f80000 - 0x00007ff6f2f8a000 	C:\Program Files\JetBrains\IntelliJ IDEA 2024.1.2\jbr\bin\java.exe
0x00007ffbb46e0000 - 0x00007ffbb4947000 	C:\WINDOWS\SYSTEM32\ntdll.dll
0x00007ffbb35c0000 - 0x00007ffbb3689000 	C:\WINDOWS\System32\KERNEL32.DLL
0x00007ffbb1f10000 - 0x00007ffbb2307000 	C:\WINDOWS\System32\KERNELBASE.dll
0x00007ffbb2310000 - 0x00007ffbb245b000 	C:\WINDOWS\System32\ucrtbase.dll
0x00007ffb6b3a0000 - 0x00007ffb6b3b7000 	C:\Program Files\JetBrains\IntelliJ IDEA 2024.1.2\jbr\bin\jli.dll
0x00007ffbb0910000 - 0x00007ffbb092b000 	C:\Program Files\JetBrains\IntelliJ IDEA 2024.1.2\jbr\bin\VCRUNTIME140.dll
0x00007ffbb3180000 - 0x00007ffbb3346000 	C:\WINDOWS\System32\USER32.dll
0x00007ffbb1110000 - 0x00007ffbb1137000 	C:\WINDOWS\System32\win32u.dll
0x00007ffbb05a0000 - 0x00007ffbb0832000 	C:\WINDOWS\WinSxS\amd64_microsoft.windows.common-controls_6595b64144ccf1df_6.0.26100.8457_none_3e0b2faee331e92d\COMCTL32.dll
0x00007ffbb3bb0000 - 0x00007ffbb3bdb000 	C:\WINDOWS\System32\GDI32.dll
0x00007ffbb3430000 - 0x00007ffbb34d9000 	C:\WINDOWS\System32\msvcrt.dll
0x00007ffbb1200000 - 0x00007ffbb132c000 	C:\WINDOWS\System32\gdi32full.dll
0x00007ffbb15f0000 - 0x00007ffbb1693000 	C:\WINDOWS\System32\msvcp_win.dll
0x00007ffbb34f0000 - 0x00007ffbb3522000 	C:\WINDOWS\System32\IMM32.DLL
0x00007ffbb0900000 - 0x00007ffbb090c000 	C:\Program Files\JetBrains\IntelliJ IDEA 2024.1.2\jbr\bin\vcruntime140_1.dll
0x00007ffb2f170000 - 0x00007ffb2f1fd000 	C:\Program Files\JetBrains\IntelliJ IDEA 2024.1.2\jbr\bin\msvcp140.dll
0x00007ffb0f980000 - 0x00007ffb1060a000 	C:\Program Files\JetBrains\IntelliJ IDEA 2024.1.2\jbr\bin\server\jvm.dll
0x00007ffbb3370000 - 0x00007ffbb3426000 	C:\WINDOWS\System32\ADVAPI32.dll
0x00007ffbb4590000 - 0x00007ffbb4637000 	C:\WINDOWS\System32\sechost.dll
0x00007ffbb3780000 - 0x00007ffbb3898000 	C:\WINDOWS\System32\RPCRT4.dll
0x00007ffbb3530000 - 0x00007ffbb35b0000 	C:\WINDOWS\System32\WS2_32.dll
0x00007ffbb0970000 - 0x00007ffbb09ce000 	C:\WINDOWS\SYSTEM32\POWRPROF.dll
0x00007ffbaabc0000 - 0x00007ffbaabf6000 	C:\WINDOWS\SYSTEM32\WINMM.dll
0x00007ffbaf1d0000 - 0x00007ffbaf1db000 	C:\WINDOWS\SYSTEM32\VERSION.dll
0x00007ffbb0840000 - 0x00007ffbb0854000 	C:\WINDOWS\SYSTEM32\UMPDC.dll
0x00007ffbaf670000 - 0x00007ffbaf68b000 	C:\WINDOWS\SYSTEM32\kernel.appcore.dll
0x00007ffb8f730000 - 0x00007ffb8f73a000 	C:\Program Files\JetBrains\IntelliJ IDEA 2024.1.2\jbr\bin\jimage.dll
0x00007ffbb09e0000 - 0x00007ffbb0c22000 	C:\WINDOWS\SYSTEM32\DBGHELP.DLL
0x00007ffbb4070000 - 0x00007ffbb43f3000 	C:\WINDOWS\System32\combase.dll
0x00007ffbb2460000 - 0x00007ffbb2539000 	C:\WINDOWS\System32\OLEAUT32.dll
0x00007ffbb0860000 - 0x00007ffbb089b000 	C:\WINDOWS\SYSTEM32\dbgcore.DLL
0x00007ffbb1540000 - 0x00007ffbb15e8000 	C:\WINDOWS\System32\bcryptPrimitives.dll
0x00007ffb50250000 - 0x00007ffb50275000 	C:\Program Files\JetBrains\IntelliJ IDEA 2024.1.2\jbr\bin\java.dll
0x00007ffb6b380000 - 0x00007ffb6b398000 	C:\Program Files\JetBrains\IntelliJ IDEA 2024.1.2\jbr\bin\zip.dll
0x00007ffbb29b0000 - 0x00007ffbb311e000 	C:\WINDOWS\System32\SHELL32.dll
0x00007ffbb16a0000 - 0x00007ffbb1f0c000 	C:\WINDOWS\System32\windows.storage.dll
0x00007ffbb2540000 - 0x00007ffbb2636000 	C:\WINDOWS\System32\SHCORE.dll
0x00007ffbb38a0000 - 0x00007ffbb3906000 	C:\WINDOWS\System32\shlwapi.dll
0x00007ffbb1030000 - 0x00007ffbb1059000 	C:\WINDOWS\SYSTEM32\profapi.dll
0x00007ffb6b1e0000 - 0x00007ffb6b1f9000 	C:\Program Files\JetBrains\IntelliJ IDEA 2024.1.2\jbr\bin\net.dll
0x00007ffba6c70000 - 0x00007ffba6d99000 	C:\WINDOWS\SYSTEM32\WINHTTP.dll
0x00007ffbafb80000 - 0x00007ffbafbec000 	C:\WINDOWS\system32\mswsock.dll
0x00007ffb50230000 - 0x00007ffb50246000 	C:\Program Files\JetBrains\IntelliJ IDEA 2024.1.2\jbr\bin\nio.dll
0x00007ffb49540000 - 0x00007ffb4954e000 	C:\Program Files\JetBrains\IntelliJ IDEA 2024.1.2\jbr\bin\sunmscapi.dll
0x00007ffbb1330000 - 0x00007ffbb14a8000 	C:\WINDOWS\System32\CRYPT32.dll
0x00007ffbb0260000 - 0x00007ffbb0290000 	C:\WINDOWS\SYSTEM32\ncrypt.dll
0x00007ffbb0210000 - 0x00007ffbb024f000 	C:\WINDOWS\SYSTEM32\NTASN1.dll
0x00007ffbb0d50000 - 0x00007ffbb0d6b000 	C:\WINDOWS\SYSTEM32\CRYPTSP.dll
0x00007ffbaf5a0000 - 0x00007ffbaf5d9000 	C:\WINDOWS\system32\rsaenh.dll
0x00007ffbafc30000 - 0x00007ffbafc63000 	C:\WINDOWS\SYSTEM32\USERENV.dll
0x00007ffbb1000000 - 0x00007ffbb102a000 	C:\WINDOWS\SYSTEM32\bcrypt.dll
0x00007ffbb0150000 - 0x00007ffbb015c000 	C:\WINDOWS\SYSTEM32\CRYPTBASE.dll
0x00007ffbaee00000 - 0x00007ffbaee32000 	C:\WINDOWS\SYSTEM32\IPHLPAPI.DLL
0x00007ffbb3350000 - 0x00007ffbb335a000 	C:\WINDOWS\System32\NSI.dll
0x00007ffba7620000 - 0x00007ffba763d000 	C:\WINDOWS\SYSTEM32\dhcpcsvc6.DLL
0x00007ffba7570000 - 0x00007ffba7595000 	C:\WINDOWS\SYSTEM32\dhcpcsvc.DLL
0x00007ffbaeee0000 - 0x00007ffbaf012000 	C:\WINDOWS\SYSTEM32\DNSAPI.dll
0x00007ffb74e30000 - 0x00007ffb74e38000 	C:\WINDOWS\system32\wshunix.dll
0x00007ffb1d810000 - 0x00007ffb1d819000 	C:\Program Files\JetBrains\IntelliJ IDEA 2024.1.2\jbr\bin\extnet.dll

dbghelp: loaded successfully - version: 4.0.5 - missing functions: none
symbol engine: initialized successfully - sym options: 0x614 - pdb path: .;C:\Program Files\JetBrains\IntelliJ IDEA 2024.1.2\jbr\bin;C:\WINDOWS\SYSTEM32;C:\WINDOWS\WinSxS\amd64_microsoft.windows.common-controls_6595b64144ccf1df_6.0.26100.8457_none_3e0b2faee331e92d;C:\Program Files\JetBrains\IntelliJ IDEA 2024.1.2\jbr\bin\server

VM Arguments:
java_command: git4idea.http.GitAskPassApp Password for 'https://Luo-0712@github.com': 
java_class_path (initial): C:/Program Files/JetBrains/IntelliJ IDEA 2024.1.2/plugins/vcs-git/lib/git4idea-rt.jar;C:/Program Files/JetBrains/IntelliJ IDEA 2024.1.2/lib/externalProcess-rt.jar
Launcher Type: SUN_STANDARD

[Global flags]
     intx CICompilerCount                          = 15                                        {product} {ergonomic}
     uint ConcGCThreads                            = 6                                         {product} {ergonomic}
     uint G1ConcRefinementThreads                  = 23                                        {product} {ergonomic}
   size_t G1HeapRegionSize                         = 4194304                                   {product} {ergonomic}
    uintx GCDrainStackTargetSize                   = 64                                        {product} {ergonomic}
   size_t InitialHeapSize                          = 532676608                                 {product} {ergonomic}
   size_t MarkStackSize                            = 4194304                                   {product} {ergonomic}
   size_t MaxHeapSize                              = 8514437120                                {product} {ergonomic}
   size_t MaxNewSize                               = 5108662272                                {product} {ergonomic}
   size_t MinHeapDeltaBytes                        = 4194304                                   {product} {ergonomic}
   size_t MinHeapSize                              = 8388608                                   {product} {ergonomic}
    uintx NonNMethodCodeHeapSize                   = 8192380                                {pd product} {ergonomic}
    uintx NonProfiledCodeHeapSize                  = 121732930                              {pd product} {ergonomic}
    uintx ProfiledCodeHeapSize                     = 121732930                              {pd product} {ergonomic}
    uintx ReservedCodeCacheSize                    = 251658240                              {pd product} {ergonomic}
     bool SegmentedCodeCache                       = true                                      {product} {ergonomic}
   size_t SoftMaxHeapSize                          = 8514437120                             {manageable} {ergonomic}
     bool UseCompressedClassPointers               = true                           {product lp64_product} {ergonomic}
     bool UseCompressedOops                        = true                           {product lp64_product} {ergonomic}
     bool UseG1GC                                  = true                                      {product} {ergonomic}
     bool UseLargePagesIndividualAllocation        = false                                  {pd product} {ergonomic}

Logging:
Log output configuration:
 #0: stdout all=warning uptime,level,tags
 #1: stderr all=off uptime,level,tags

Environment Variables:
JAVA_HOME=C:\Users\22369\.jdks\openjdk-23
PATH=C:/Program Files/Git/mingw64/libexec/git-core;C:/Program Files/Git/mingw64/libexec/git-core;C:\Program Files\Git\mingw64\bin;C:\Program Files\Git\usr\bin;C:\Users\22369\bin;C:\Users\22369\.jdks\openjdk-23\bin;D:\Python\Scripts\;C:\Program Files\nodejs\;D:\Python\;%Java_Home\jre\bin;F:\w64devkit\bin;C:\Program Files\MySQL\MySQL Server 8.0\bin;C:\Program Files (x86)\VMware\VMware Workstation\bin\;C:\Program Files\Common Files\Oracle\Java\javapath;C:\Program Files (x86)\Common Files\Oracle\Java\java8path;C:\Program Files (x86)\Common Files\Oracle\Java\javapath;C:\windows\system32;C:\windows;C:\windows\System32\Wbem;C:\windows\System32\WindowsPowerShell\v1.0\;C:\windows\System32\OpenSSH\;C:\Program Files (x86)\NVIDIA Corporation\PhysX\Common;C:\Users\Administrator\AppData\Local\Microsoft\WindowsApps;C:\Program Files\HP\OMEN-Broadcast\Common;C:\Program Files\dotnet\;C:\Program Files (x86)\Windows Kits\10\Windows Performance Toolkit\;E:\platform-tools-latest-windows\platform-tools;C:\Program Files\Git\cmd;E:\A0_Project\jdk-21.0.5\bin;C:\WINDOWS\system32;C:\WINDOWS;C:\WINDOWS\System32\Wbem;C:\WINDOWS\System32\WindowsPowerShell\v1.0\;C:\WINDOWS\System32\OpenSSH\;C:\Program Files\Docker\Docker\resources\bin;C:\Program Files\NVIDIA Corporation\NVIDIA App\NvDLISR;E:\Redis-x64-3.0.504;C:\Program Files\MySQL\MySQL Shell 8.0\bin\;C:\Users\22369\.jdks\openjdk-23\\bin;D:\Python 3.11\Scripts\;D:\Python 3.11\;d:\Trae\bin;C:\Users\22369\AppData\Local\Microsoft\WindowsApps;C:\Users\22369\AppData\Local\Programs\Microsoft VS Code\bin;C:\Program Files\JetBrains\IntelliJ IDEA 2024.1.2\bin;C:\Program Files\JetBrains\DataGrip 2024.1.2\bin;D:\CLion 2024.2.3\bin;E:\platform-tools-latest-windows\platform-tools;C:\opt\w64devkit\bin;C:\Users\22369\AppData\Local\GitHubDesktop\bin;D:\PyCharm 2024.1.2\bin;C:\Program Files (x86)\apache-maven-3.9.10;D:\WebStorm 2025.2.1\bin;D:\CLion 2025.2.1\bin;C:\Users\22369\AppData\Roaming\npm;C:\ProgramData\Microsoft\Windows\Start Menu\Programs\Node.js\node_modu
USERNAME=22369
DISPLAY=:0.0
LC_ALL=en_US.UTF-8
TERM=xterm-256color
TMPDIR=C:\Users\22369\AppData\Local\Temp
OS=Windows_NT
PROCESSOR_IDENTIFIER=Intel64 Family 6 Model 183 Stepping 1, GenuineIntel
TMP=C:\Users\22369\AppData\Local\Temp
TEMP=C:\Users\22369\AppData\Local\Temp



Periodic native trim disabled

JNI global refs:
JNI global refs: 31, weak refs: 0

JNI global refs memory usage: 843, weak refs: 841

Process memory usage:
Resident Set Size: 79752K (0% of 33251128K total physical memory with 7651916K free physical memory)

OOME stack traces (most recent first):
Classloader memory used:
Loader bootstrap                                                                       : 1859K
Loader jdk.internal.loader.ClassLoaders$PlatformClassLoader                            : 215K
Loader jdk.internal.loader.ClassLoaders$AppClassLoader                                 : 1815B
Loader jdk.internal.reflect.DelegatingClassLoader                                      : 864B


---------------  S Y S T E M  ---------------

OS:
 Windows 11 , 64 bit Build 26100 (10.0.26100.8328)
OS uptime: 0 days 4:52 hours
Hyper-V role detected

CPU: total 32 (initial active 32) (16 cores per cpu, 2 threads per core) family 6 model 183 stepping 1 microcode 0x12f, cx8, cmov, fxsr, ht, mmx, 3dnowpref, sse, sse2, sse3, ssse3, sse4.1, sse4.2, popcnt, lzcnt, tsc, tscinvbit, avx, avx2, aes, erms, clmul, bmi1, bmi2, adx, sha, fma, vzeroupper, clflush, clflushopt, clwb, hv
Processor Information for processor 0
  Max Mhz: 2200, Current Mhz: 2200, Mhz Limit: 2200
Processor Information for processor 1
  Max Mhz: 2200, Current Mhz: 2200, Mhz Limit: 2200
Processor Information for processor 2
  Max Mhz: 2200, Current Mhz: 2200, Mhz Limit: 2200
Processor Information for processor 3
  Max Mhz: 2200, Current Mhz: 2200, Mhz Limit: 2200
Processor Information for processor 4
  Max Mhz: 2200, Current Mhz: 2200, Mhz Limit: 2200
Processor Information for processor 5
  Max Mhz: 2200, Current Mhz: 2200, Mhz Limit: 2200
Processor Information for processor 6
  Max Mhz: 2200, Current Mhz: 1466, Mhz Limit: 2200
Processor Information for processor 7
  Max Mhz: 2200, Current Mhz: 2200, Mhz Limit: 2200
Processor Information for processor 8
  Max Mhz: 2200, Current Mhz: 2200, Mhz Limit: 2200
Processor Information for processor 9
  Max Mhz: 2200, Current Mhz: 2200, Mhz Limit: 2200
Processor Information for processor 10
  Max Mhz: 2200, Current Mhz: 2200, Mhz Limit: 2200
Processor Information for processor 11
  Max Mhz: 2200, Current Mhz: 2200, Mhz Limit: 2200
Processor Information for processor 12
  Max Mhz: 2200, Current Mhz: 2200, Mhz Limit: 2200
Processor Information for processor 13
  Max Mhz: 2200, Current Mhz: 2200, Mhz Limit: 2200
Processor Information for processor 14
  Max Mhz: 2200, Current Mhz: 2200, Mhz Limit: 2200
Processor Information for processor 15
  Max Mhz: 2200, Current Mhz: 2200, Mhz Limit: 2200
Processor Information for processor 16
  Max Mhz: 2200, Current Mhz: 1512, Mhz Limit: 2200
Processor Information for processor 17
  Max Mhz: 2200, Current Mhz: 1512, Mhz Limit: 2200
Processor Information for processor 18
  Max Mhz: 2200, Current Mhz: 1512, Mhz Limit: 2200
Processor Information for processor 19
  Max Mhz: 2200, Current Mhz: 1512, Mhz Limit: 2200
Processor Information for processor 20
  Max Mhz: 2200, Current Mhz: 2200, Mhz Limit: 2200
Processor Information for processor 21
  Max Mhz: 2200, Current Mhz: 1512, Mhz Limit: 2200
Processor Information for processor 22
  Max Mhz: 2200, Current Mhz: 1512, Mhz Limit: 2200
Processor Information for processor 23
  Max Mhz: 2200, Current Mhz: 1512, Mhz Limit: 2200
Processor Information for processor 24
  Max Mhz: 2200, Current Mhz: 1512, Mhz Limit: 2200
Processor Information for processor 25
  Max Mhz: 2200, Current Mhz: 2200, Mhz Limit: 2200
Processor Information for processor 26
  Max Mhz: 2200, Current Mhz: 1512, Mhz Limit: 2200
Processor Information for processor 27
  Max Mhz: 2200, Current Mhz: 1512, Mhz Limit: 2200
Processor Information for processor 28
  Max Mhz: 2200, Current Mhz: 1512, Mhz Limit: 2200
Processor Information for processor 29
  Max Mhz: 2200, Current Mhz: 1512, Mhz Limit: 2200
Processor Information for processor 30
  Max Mhz: 2200, Current Mhz: 2200, Mhz Limit: 2200
Processor Information for processor 31
  Max Mhz: 2200, Current Mhz: 1512, Mhz Limit: 2200

Memory: 4k page, system-wide physical 32471M (7472M free)
TotalPageFile size 42322M (AvailPageFile size 5M)
current process WorkingSet (physical memory assigned to process): 77M, peak: 77M
current process commit charge ("private bytes"): 650M, peak: 651M

vm_info: OpenJDK 64-Bit Server VM (17.0.12+1-b1207.37) for windows-amd64 JRE (17.0.12+1-b1207.37), built on 2024-09-25 by "builduser" with MS VC++ 16.10 / 16.11 (VS2019)

END.
